# JRE version: OpenJDK Runtime Environment (11.0.2+9) (build 11.0.2+9)
# Java VM: OpenJDK 64-Bit Server VM (11.0.2+9, mixed mode, tiered, compressed oops, g1 gc, windows-amd64)
Heap:
 garbage-first heap   total 239616K, used 186385K [0x0000000740000000, 0x0000000800000000)
  region size 1024K, 59 young (60416K), 3 survivors (3072K)
 Metaspace       used 113678K, capacity 115737K, committed 118736K, reserved 1150976K
  class space    used 15415K, capacity 16320K, committed 17356K, reserved 1048576K
GC Heap History (10 events):
Event: 6851.727 GC heap before
{Heap before GC invocations=766 (full 15):
 garbage-first heap   total 239616K, used 187733K [0x0000000740000000, 0x0000000800000000)
  region size 1024K, 60 young (61440K), 2 survivors (2048K)
 Metaspace       used 113486K, capacity 115500K, committed 118480K, reserved 1150976K
  class space    used 15381K, capacity 16264K, committed 17356K, reserved 1048576K
}
Event: 6851.729 GC heap after
{Heap after GC invocations=767 (full 15):
 garbage-first heap   total 239616K, used 129503K [0x0000000740000000, 0x0000000800000000)
  region size 1024K, 3 young (3072K), 3 survivors (3072K)
 Metaspace       used 113486K, capacity 115500K, committed 118480K, reserved 1150976K
  class space    used 15381K, capacity 16264K, committed 17356K, reserved 1048576K
}
Event: 6859.896 GC heap before
{Heap before GC invocations=768 (full 15):
 garbage-first heap   total 239616K, used 187871K [0x0000000740000000, 0x0000000800000000)
  region size 1024K, 60 young (61440K), 3 survivors (3072K)
 Metaspace       used 113487K, capacity 115500K, committed 118480K, reserved 1150976K
  class space    used 15381K, capacity 16264K, committed 17356K, reserved 1048576K
}
Event: 6859.899 GC heap after
{Heap after GC invocations=769 (full 15):
 garbage-first heap   total 239616K, used 128620K [0x0000000740000000, 0x0000000800000000)
  region size 1024K, 2 young (2048K), 2 survivors (2048K)
 Metaspace       used 113487K, capacity 115500K, committed 118480K, reserved 1150976K
  class space    used 15381K, capacity 16264K, committed 17356K, reserved 1048576K
}
Event: 6867.487 GC heap before
{Heap before GC invocations=769 (full 15):
 garbage-first heap   total 239616K, used 188012K [0x0000000740000000, 0x0000000800000000)
  region size 1024K, 60 young (61440K), 2 survivors (2048K)
 Metaspace       used 113669K, capacity 115737K, committed 118736K, reserved 1150976K
  class space    used 15415K, capacity 16320K, committed 17356K, reserved 1048576K
}
Event: 6867.491 GC heap after
{Heap after GC invocations=770 (full 15):
 garbage-first heap   total 239616K, used 129076K [0x0000000740000000, 0x0000000800000000)
  region size 1024K, 2 young (2048K), 2 survivors (2048K)
 Metaspace       used 113669K, capacity 115737K, committed 118736K, reserved 1150976K
  class space    used 15415K, capacity 16320K, committed 17356K, reserved 1048576K
}
Event: 6867.962 GC heap before
{Heap before GC invocations=771 (full 15):
 garbage-first heap   total 239616K, used 188468K [0x0000000740000000, 0x0000000800000000)
  region size 1024K, 60 young (61440K), 2 survivors (2048K)
 Metaspace       used 113678K, capacity 115737K, committed 118736K, reserved 1150976K
  class space    used 15415K, capacity 16320K, committed 17356K, reserved 1048576K
}
Event: 6867.966 GC heap after
{Heap after GC invocations=772 (full 15):
 garbage-first heap   total 239616K, used 129153K [0x0000000740000000, 0x0000000800000000)
  region size 1024K, 2 young (2048K), 2 survivors (2048K)
 Metaspace       used 113678K, capacity 115737K, committed 118736K, reserved 1150976K
  class space    used 15415K, capacity 16320K, committed 17356K, reserved 1048576K
}
Event: 6869.595 GC heap before
{Heap before GC invocations=772 (full 15):
 garbage-first heap   total 239616K, used 188545K [0x0000000740000000, 0x0000000800000000)
  region size 1024K, 60 young (61440K), 2 survivors (2048K)
 Metaspace       used 113678K, capacity 115737K, committed 118736K, reserved 1150976K
  class space    used 15415K, capacity 16320K, committed 17356K, reserved 1048576K
}
Event: 6869.598 GC heap after
{Heap after GC invocations=773 (full 15):
 garbage-first heap   total 239616K, used 130065K [0x0000000740000000, 0x0000000800000000)
  region size 1024K, 3 young (3072K), 3 survivors (3072K)
 Metaspace       used 113678K, capacity 115737K, committed 118736K, reserved 1150976K
  class space    used 15415K, capacity 16320K, committed 17356K, reserved 1048576K
}

